<?xml version="1.0" encoding="UTF-8"?>
<!-- Generated by org.testng.reporters.JUnitXMLReporter -->
<testsuite hostname="LAPTOP-8415CROF" name="searchHotel" tests="3" failures="1" timestamp="27 Jun 2022 08:37:10 GMT" time="0.18" errors="0">
  <testcase name="bookHotel" time="0.0" classname="org.test.Example">
    <skipped/>
  </testcase> <!-- bookHotel -->
  <testcase name="login" time="0.0" classname="org.test.Example">
    <skipped/>
  </testcase> <!-- login -->
  <testcase name="searchHotel" time="0.112" classname="org.test.Example">
    <failure type="java.lang.NullPointerException">
      <![CDATA[java.lang.NullPointerException
	at org.test.Example.searchHotel(Example.java:33)
	at java.util.concurrent.FutureTask.run(Unknown Source)
	at java.util.concurrent.ThreadPoolExecutor.runWorker(Unknown Source)
	at java.util.concurrent.ThreadPoolExecutor$Worker.run(Unknown Source)
	at java.lang.Thread.run(Unknown Source)
... Removed 16 stack frames]]>
    </failure>
  </testcase> <!-- searchHotel -->
</testsuite> <!-- searchHotel -->
