<?xml version="1.0" encoding="UTF-8"?>
<!-- Generated by org.testng.reporters.JUnitXMLReporter -->
<testsuite hostname="LAPTOP-8415CROF" name="Test" tests="3" failures="0" timestamp="27 Jun 2022 08:23:18 GMT" time="0.148" errors="0">
  <testcase name="bookHotel" time="0.0" classname="org.test.Example">
    <skipped/>
  </testcase> <!-- bookHotel -->
  <testcase name="login" time="0.0" classname="org.test.Example">
    <skipped/>
  </testcase> <!-- login -->
  <testcase name="searchHotel" time="0.0" classname="org.test.Example">
    <skipped/>
  </testcase> <!-- searchHotel -->
</testsuite> <!-- Test -->
